vector #0: 11001011010010000010111010111110110001100
	11001011010010000010111010111110

vector #1: 10011011110100010101000000011010011101110
	10011011110100010101000000011010

vector #2: 10100000010000000100001000011111001001000
	10100000010000000100001000011111

vector #3: 10010101100110100011001010100111011001011
	10010101100110100011001010100111

vector #4: 01100101011111010110010100010100010100010
	01100101011111010110010100010100

vector #5: 10100011111011011100001110010111101100101
	10100011111011011100001110010111

vector #6: 00011000010000100101010101110101010111110
	00011000010000100101011101110101

vector #7: 01001000010111101010100001111011111011010
	01001000010111101010100001111011

vector #8: 10100110001001100010000110101000110100110
	10100110001001100010000110101000

vector #9: 11000011111110001010011110011110001100001
	11000011111110001010011110011110

vector #10: 11110110011100000011100111011000111100001
	11110100011100000011100111011000

vector #11: 11110100111111001111110110110011100100110
	11110100111111001111110110110011

vector #12: 10100011100101001101010100101000000001111
	10100011100101001101010100101000

vector #13: 10010000110011010110110100111111110010001
	10010000110011010110110100111111

vector #14: 01001000110011001010101001101010100000111
	01001000110011001010101001101010

vector #15: 11100110011111100000101100101000010000001
	11100110011111100000101100101000

vector #16: 11001101110100101110110000000111001111000
	11001101110100101110110000000111

vector #17: 11110101101001000001011001101100011010100
	11110101101001000001011001101100

vector #18: 00101101011101010011011011111111101001000
	00101101011101010011011011111111

vector #19: 11111011110100001110001100110101010010111
	11111011110100001110001100110101

vector #20: 10110101001100101000011101100010001000100
	10110101001100101000001101100010

vector #21: 01010001011001010010110110111011100001110
	01010001011001010010110110111011

vector #22: 01011111010011111001100100011110011101010
	01011101010011111001100100011110

vector #23: 01010100011001001000100111101011110101100
	01010100011001000000100111101011

vector #24: 10001111110111001111001100110001001110001
	10001111110111001111001100110001

vector #25: 11000011111100101101110101100111111111000
	11000011111100101101110101100111

vector #26: 11011000101000111111100001011010011111101
	11011000101000011111100001011010

vector #27: 01100101010111101011111000111011100110001
	01100101010111101011111000111011

vector #28: 11000010101001000100011110011000100101111
	11000010101001000100011110011000

vector #29: 01111001001100101011111110000100110010110
	01111001001100101011111110000100

vector #30: 11010100001011111010001100101000110100000
	11010100001011111010001100101000

vector #31: 10100110000011010011110010000001100111111
	10100110000011010011110010000001

vector #32: 10100011100100000000101100011110101000100
	10100011100100000100101100011110

vector #33: 11011110111110110111011001000001110101110
	11011110111110110111011001000001

vector #34: 01100101011101010010100001010100010100001
	01100101011101010010100001010100

vector #35: 00010110101101011111111110111001000000010
	00010110101101011111111110111001

vector #36: 00010110001110000110100000000100100011011
	00010110001110000110100000000100

vector #37: 10000001101101001000111111101011111101111
	10000001101101001000111111101011

vector #38: 01111101100010111101010000011101010100100
	01111101100010111101010000011101

vector #39: 10110001100000100011100001100100101100110
	10110001100000100011100001100100

vector #40: 10011111000101100001000000101000001110100
	10011111000101100001000000101000

vector #41: 11100100111001000011011001000001110100000
	11100100111001000011011001000001

vector #42: 10000010100010000000001001001000000001011
	10000010100010000000001001001000

vector #43: 01111111000010000011111100010111100011011
	01111111000010000011111100010111

vector #44: 01101100111010010010101101001011101100111
	01101100111010010010101101001011

vector #45: 01000110111100010010100001000110000011000
	01000110111100010010100001000110

vector #46: 10010000101101111110111101010101101101111
	10010000101100111110111101010101

vector #47: 01000110101010000001000011100011111010000
	01000110101010000001000011100011

vector #48: 10111011011011110111100010100101000100001
	10111011011011110111100010100101

vector #49: 11000110101101111110110111111000111100110
	11000110101101111110110111111000

vector #50: 01000111110000111111110000101000110101010
	01000111110000111111110000101000

vector #51: 11011000101000101101001100111110001101111
	11011000101000101101001100111110

vector #52: 11010000010001010101100111101000101001010
	11010000010001010101100111101000

vector #53: 01110011010011100110110100010100011010011
	01110011010011100110110100010100

vector #54: 01000101011010010011010100000101001011100
	01000101011010010011010100000101

vector #55: 00110010110011011100110100110100111101010
	00110010110011011100110100110100

vector #56: 00100011000100111110111010000001011010000
	00100011000100111110111010000001

vector #57: 01101010111001110110100010000001111011000
	01101010111001110110100010000001

vector #58: 11110010111010110100011100110100011110101
	11110010111010110100001100110100

vector #59: 00000101101001100001000111010100101101110
	00000101101001100001000111010100

vector #60: 00011011010111000001000110111011011110111
	00011011010111000001000110111011

vector #61: 10001001011100001110000110001010000101010
	10001001011100001110000110001010

vector #62: 00000000100000100110111100111011001101101
	00000000100000100110111100111011

vector #63: 10011001000111100011001010011001000010111
	10011001000111100011001010011001

vector #64: 10000000110110111011000100011100100110000
	10000000110110111011000100011100

vector #65: 00111001111110010101101100010111100000101
	00111001111110010101101100010111

vector #66: 01111010111101001110001001000011000111000
	01111010111101001110001001000011

vector #67: 11001100000000011001111011101110011001001
	11001100000000011001111011101110

vector #68: 10110100100010101110000010001110111000010
	10110100100010101110000010001110

vector #69: 01100011110100000011011111111010100100001
	01100011110100000011011111111010

vector #70: 01100010100111000100001000101101010011111
	01100010100111000100001000101101

vector #71: 10110111101111000011000000111011000011111
	10110111101111000011000000111011

vector #72: 00100101001001101001110110100000010101001
	00100101001001101001110110100000

vector #73: 10111100111011100000000111101111100110111
	10111100111011100000000111101111

vector #74: 01111111111100011010101100101010101011100
	01111111111100011010101100101010

vector #75: 00000011110110111111010101010101101101010
	00000011110110111111010101010101

vector #76: 10111100011110100111100110000111000110011
	10111100011110100111100110000111

vector #77: 10110111010011011001111000100101110100011
	10110111010011011001111000100101

vector #78: 01001010001111101000001101101010000101100
	01001010001111101000101101101010

vector #79: 11101111011010001110010011011010000100001
	11101111011010001110010011011010

vector #80: 10010001000100101011111110110111110001101
	10010001000100101011111110110111

vector #81: 11000010101001100110001111101110110111000
	11000010101001100110001111101110

vector #82: 10000011111000100111010000110011010001110
	11000011111000100111010000110011

vector #83: 01010011100110111011000100110110001100001
	00010011100110111011000100110110

vector #84: 01000100010010101000001000000011111101001
	01000100010010101000001000000011

vector #85: 01000000000110111101111000100111011001100
	01000000000110111101111000100111

vector #86: 11100110101011000000110111100101101110101
	11100110101011000000110111100101

vector #87: 00000001100011100000011010110100110011101
	00000001100011100000011010110100

vector #88: 11010010011001111010110000111000111111000
	11010010011001111010110000111000

vector #89: 10101011100000000110011110000001010111101
	10101011100000000110011110000001

vector #90: 11101101001010110101111111010101001111001
	11101101001010110101111111010101

vector #91: 10011000011100111010010001000011001101100
	10011000011100111010010001000011

vector #92: 01010000101001111111011000011010011011111
	01010000101001111111011000011010

vector #93: 01110011000100101001101010001111000101000
	01110011000100101001101010001111

vector #94: 01010000011010110101011010111111110110000
	01010000011010110101011010111111

vector #95: 10110011000100001111010111101101110110110
	10110011000100001111010111101101

vector #96: 10010110000100111110101001100011010001011
	10010110000100111110101001100011

vector #97: 10111100001011000100010101011110101111111
	10111100001011000100010101011110

vector #98: 11100111011100110101011000001110101100001
	11100111011100110101011000001110

vector #99: 11111000110000000000001010010011000110100
	11111000110000000000001010010011

vector #100: 10010101101111110010100001110111111101011
	10010101101111110010100001110111

vector #101: 11010110010000011100011000011000101110110
	11010110010000011100011000011000

vector #102: 11010101100110100110111010110111011011000
	11010101100110100110111010110111

vector #103: 01101100011001111010000111011111001101100
	01101100011001111010000111011111

vector #104: 10101010110101110001111101110001010011001
	10101010110101110001111101110001

vector #105: 01110010001101110010011111001011000000100
	01110010001101110010011111001011

vector #106: 01010101101011101110100110011010001011100
	01010101101011101110100110011010

vector #107: 10101011110011101010110110100101001100010
	10101011110011101110110110100101

vector #108: 01100110110011100000010001000000100010001
	01100110110011100000010001000000

vector #109: 01100100101001000000101111010100010001111
	01100110101001000000101111010100

vector #110: 01011010011010100001111010101001000100101
	01011010011010100001111010101001

vector #111: 00000110101000001011001001000001101110111
	00000110101000001011001001000001

vector #112: 11111100010011001100111110111000111101101
	11111100010011001100111110111000

vector #113: 10001000001010111001111000101110011111111
	10001000001010111001111000101110

vector #114: 01000101110000101111001110001111111101011
	01000101110000101111001110011111

vector #115: 00111000110101001010101001011000001101111
	00111000110101001010101001011000

vector #116: 11101010111010000110010001000111001000000
	11101010111010000110010001000111

vector #117: 10110101001011001011101001001001010000011
	10110101001011001011101001001001

vector #118: 11011000111011000000111011101011110010010
	11011000111011000000111011101011

vector #119: 01111111100011000000111011110010101001011
	01111111100011000000111011110010

vector #120: 00010010011101000001100011001111111100100
	00010010011101000001100011001111

vector #121: 00010000010010000011011100100000010010101
	00010000010010000011011100100000

vector #122: 10010111001110100000000100101110101010111
	10010111001110100000000100101110

vector #123: 01000000001100111000110100011001101110010
	01000000001100111000110100011001

vector #124: 10110010011111011101110110010011000001011
	10110010011111011101110110010011

vector #125: 00010001000000100000111001010100011011011
	00010001000000100000111001010100

vector #126: 01000010110000000000000110000001101000010
	01000010110000000000000110000001

vector #127: 00000010011010111001010000011011010001100
	00000010011010111001010000011011

vector #128: 01100010000110011101001101110010101100011
	01100010000110011101001101110010

vector #129: 00010101011001010100001011001111010000001
	00010101011001010100001011001111

vector #130: 10100111111111100111001110110011000111000
	10100111111111100111001110110011

vector #131: 00111110010101000100001100010110110001010
	00111110010101000100001100010110

vector #132: 00110111000011011110001101011101110100000
	00110111000011011110001101011101

vector #133: 00110011110111101100111000001101111010101
	00110011110011101100111000001101

vector #134: 10011100111001010001010100000101100011100
	10011100111001010001010100000101

vector #135: 01001100110110100001010001010010110110101
	01001100110110100001010001010010

vector #136: 11111101111001011110011000101101110000110
	11111101111001011110011000101101

vector #137: 01010111010100111000011101100000100111110
	01010111010100111000011101100000

vector #138: 11010100000101110000000101010011100110011
	11010100000101110000000101010011

vector #139: 01100000011110100110001011011101011100101
	01100000011110100110001011011101

vector #140: 01001010110011101010101000001110010111111
	01001010110011101010101000001110

vector #141: 01010000101110110111010111111001100100110
	01010000101110110111010111111001

vector #142: 10010111010111100010001000000111110101110
	10010111010111100010001000000111

vector #143: 10101011111011011110000101100001100001010
	10101011111011011110000101100001

vector #144: 11110101011110101110001001011101110100011
	11110101011110101110001001011101

vector #145: 10011101001011111000011010000111100111011
	10011101001011111000011010000111

vector #146: 11100011011011110101111100010101011110001
	11100011011011110101111100010101

vector #147: 10011011000111111010100011011011010111011
	10011011000111111010100011011011

vector #148: 01110001000010000100010010100111000011111
	01110001000010000100010010100111

vector #149: 11001101111011111100010110000101001010101
	11001101111011111100010110000101

vector #150: 00001010011110010111111101100111001100001
	00001010011110010111111101100111

vector #151: 11011110101011010111001011011000101100110
	11011110111011010111001011011000

vector #152: 11101000011011000110010001000101011001001
	11101000011011000110010001000001

vector #153: 10010010110010001010001101111101000001010
	10010010110010001010001101111101

vector #154: 01011001101011000100010010101001000110101
	01010001101011000100010010101001

vector #155: 00010100100000101110110011100111010000010
	00010100100000101110110011100111

vector #156: 01010101001101100101011100000111110100111
	01010101011101100101011100000111

vector #157: 00111110000100100001110010101011000001001
	00111110000100100001110010101011

vector #158: 11111111000110111101010010000011010101000
	11111111000110111101010010000011

vector #159: 00101000010110011001111000110110101001000
	00101000010110011001111000110110

vector #160: 01011101111111110000001010100111110000001
	01011101011111110000001010100111

vector #161: 11000010010001000011100001101110000001000
	11000000010001000011100001101110

vector #162: 10100101010001010001001001001000010110010
	10100101010001010001001001001000

vector #163: 00010111101111101101001110010011010000110
	00010111101111101101011110010011

vector #164: 00010001011111011101111010111000101100011
	00010001011111011101111010111000

vector #165: 00010001000111010010011000001101100100100
	00010001000111010010011000001101

vector #166: 11000100010100010000011111110001100110101
	11000100010100010000011111110001

vector #167: 11011100100011101001000000001001100110100
	11011100100011101001000000001001

vector #168: 10011001110110110110100101010011010100111
	10011001110110110110100101010011

vector #169: 10111000100101010110011010001110100010000
	10111000100101010110011010001110

vector #170: 00100001001111001010001001100000010000101
	00100001001111001010001001100000

vector #171: 01001010000010010010010000001011101001001
	01001010000010010010010000001011

vector #172: 00010110011011011001010010001111110011010
	00010110011011011001010010001111

vector #173: 11101010000000110101011101011001111101101
	11101010000000110101011101011001

vector #174: 10011110110000010000010111100011010001010
	10011110110000010000010111100011

vector #175: 10010110000100011011000100010101100000000
	10010110000100011011000100010101

vector #176: 11010100000000000101101001001000101110010
	11010100000000000101101001001000

vector #177: 01001001000010100110000011011110110011101
	01001001000010100110000011011110

vector #178: 00001011111111111001000110100110110111001
	00001011111111111001000110100110

vector #179: 10001101011011110111010101011100111001100
	10001101011011110111010111011100

vector #180: 11100000010110110101110000110111001101100
	11100000010110110101110000110101

vector #181: 10111000110000001101011000011111110010100
	10111000110000001101011000011111

vector #182: 10010011101011100011000110011110110001111
	10010011101011100011000110011110

vector #183: 11000001011010100111001001010101000110010
	11000001011010100111001001010101

vector #184: 11111110110100110011010011111010011100111
	11111110110100110011010011111010

vector #185: 10101001001100011100100011010011001010110
	10101001001100011100100011010011

vector #186: 10010101100100011111011101001100101111000
	10010101100100011111011101001100

vector #187: 11011001111010100111010001000001000101000
	11011001111010100111010001000001

vector #188: 00101011101111101100110001010010110011100
	00101011101111101100110001010010

vector #189: 01101110010110110011010110010010000110111
	01001110010110110011010110010010

vector #190: 11110001111010110010100101101000110010101
	11110001111000110010100101101000

vector #191: 00001100101111100010000100001011011101111
	00001100101111100010000100001011

vector #192: 10000100000001001011101010100001101111101
	10000100000001001011101010100001

vector #193: 10001011001011010011000111000001101000100
	10001011001011010011000111000001

vector #194: 01101001010011001000011001100101011101101
	01101001010011001000011001100101

vector #195: 10000111111100111000011000011000010100011
	10000111111100111000011000011000

vector #196: 10010100110000000000001110110101101101110
	10010100110000000000001110110101

vector #197: 00000110111100000101000010001011010001110
	00000110111100000101000010001011

vector #198: 01101101011001100110010010001001110010110
	00101101011001100110010010001001

vector #199: 01000001100000100100011110001100000000010
	01000001100000100100011110001100

vector #200: 00001001011000101100101101101101101000111
	00001001011000101100101101101101

vector #201: 01110000001011010001000011010101000100100
	01110000001011010001000011010101

vector #202: 00010100110100110010100101100111110100110
	00010100110100110010100101100111

vector #203: 11010110011100111000111010001100001011110
	11010110011100111000111010001100

vector #204: 00010000011101011000011001110101100100101
	00010000011101011000011001010101

vector #205: 01010100111001111000011111110011110101010
	01010100111001111000011111110011

vector #206: 10001111110011100100010101111010011100100
	10001111110011100100010101111010

vector #207: 10100101111110101001100011000001111100011
	10100101111110101001100011000001

vector #208: 10011001010110011011010101101110111101001
	10011001010110011011010101101110

vector #209: 11010100101000000111000011010001000001011
	11010100101000000111000011010001

vector #210: 11101100111111011111101001010101001111000
	11101100111111011111101001010101

vector #211: 11000111001001011010010001001000000011110
	11000111001001011010010001001000

vector #212: 01010100100001001011101101101001001011000
	01010100100001001011101101101001

vector #213: 00011001000010011001011001001000101010110
	00011011000010011001011001001000

vector #214: 01101010000001011011010100000100000101111
	01101010000001011011010100000100

vector #215: 01111100010101101000000000111011100010010
	01111100010101101000000000111011

vector #216: 10000000100111010100001101010011011011000
	10000000100111010100001101010011

vector #217: 10100001000011101001110010101000010010100
	10100001000011101001110010101000

vector #218: 10101101010110000110110110011011101011011
	10101101010110000110110110011011

vector #219: 01011010110011111000111111101010101100101
	01011010110011111000111111101010

vector #220: 10000100100111000001000011011000101111101
	10000100100111000001000011011000

vector #221: 11011010000010100011000011100010111110101
	11011010000010100011000011100010

vector #222: 10010010001001111101000111010001100110110
	10010010001001111101000111010001

vector #223: 01100011001000100101100001100011101100010
	01100011001000100101100001100011

vector #224: 11011010101101110000111100100001000110100
	11011010101111110000111100100001

vector #225: 01100000011100110110110011110101011011100
	01100000010100110110110011110101

vector #226: 01111010110000011100110000011000111010101
	01111010110000011100110000011000

vector #227: 11111100100000000100100010111000101011001
	11111100100000010100100010111000

vector #228: 00110011001001101001000000110111100101101
	00110011001001101001000000110111

vector #229: 00111001010010010001111110001001111011011
	00111001010010010001111110001101

vector #230: 00000000001111011011000011111101101100000
	00000000001111011011000011111101

vector #231: 11101010110010100011000101101001111111110
	11101010110010100011000101101001

vector #232: 11100001111010000000011100011111011111000
	11100001111010000000011100011111

vector #233: 10100100100011100011000111001000110110000
	10100100100011100011000111001000

vector #234: 01000000110011101010001000110111011011110
	01000000110011101010001000110111

vector #235: 11010000001011000101110000011101000000101
	11010000001011000101110000011101

vector #236: 00011010101000110001011011100110011100111
	00011010101000110001011011100110

vector #237: 11110011101010001010110011011100101100010
	11110011101010001010110011011100

vector #238: 00100110011001110001100110110110100101101
	00100110011001110001100110110110

vector #239: 00111010111110111000001010001111101110101
	00111010111110111000001010001111

vector #240: 01100011001111000011010001100100110110000
	01100011001111000011010001100100

vector #241: 11111111101000001001010111110111010101011
	11111111101000001000010111110111

vector #242: 01001010000100101000010101111111011011011
	01001010000100101000010101111111

vector #243: 01000010010111101100010110000111011011110
	01000010010111101100010110000111

vector #244: 11010001001000110110000001110111010000000
	11010001001000110110000001110111

vector #245: 10101000101011000101011000000011101000110
	10101100101011000101011000000011

vector #246: 01111110111101101101000011010000111110101
	01111110111101101101000011010000

vector #247: 01010000100101011011011100011100001110100
	01010000100101011011011100011100

vector #248: 11001001111101101000101110011010101101010
	11001001111101101000101110011010

vector #249: 00110100111101101010011000011101010000001
	00110100111101101010011000011101

vector #250: 01110101001001001010000100111101100110001
	01110101001001001010000100111101

vector #251: 10100110100101011100111111111101111111001
	10100110100101011100111111111101

vector #252: 01101010010111000011000000110100010001001
	01101010010111000011000000110100

vector #253: 00000000101001000101111011010100100101011
	00000000101001000101111011010100

vector #254: 11101000011100100001000010000111101001110
	11101000011100100001000010000111

vector #255: 00001011001111011011100110001100100111010
	00001011001111011011100110001100

