vector #0: 10010111001010000111101101000011010100010111111000
	0001101100001011101111

vector #1: 11010101111001110111010000110011100011100000111000
	0101000100100110111000

vector #2: 11111110010010010101101110000011101000100101100111
	0111001001000100111111

vector #3: 00111001100001010011110100011100011101110110011000
	0111000001000000001100

vector #4: 11000000110110111100001100010000100000001011000010
	0100100001000101001100

vector #5: 01100101101101101101100110110111001101011100010101
	0000000000101000101000

vector #6: 10111010101010101111000001110101110010100001011100
	0010100001000101111000

vector #7: 00010101001000101000000011000001110100100000011111
	0101110110000000000111

vector #8: 11001111010001100101111110001101001010111100010111
	0101101001100010111100

vector #9: 00000100010000010110111110011101001001001001101110
	0110000001000000011111

vector #10: 10111010001011111100110111101000101000000010101111
	0011101100000000101000

vector #11: 10111010000001000100110010001110101000000111011001
	0111100100000000101100

vector #12: 10010111100100100001010100111100111001101110100000
	0101101000000110111011

vector #13: 11110111001100000011001100000011100000100011111100
	0000101100000011101100

vector #14: 10000100110000110111110101010011101110101111100111
	0101100011111110011111

vector #15: 10111100100001010111001100100001010000010000000001
	0111101100010000011110

vector #16: 00011010010000100000111111011011010110111100110011
	0110101001001101101100

vector #17: 01010100100010101000111111101011111001011111101101
	0100101100110010111011

vector #18: 10011000011100010011000111000010001001000110010011
	0001001000100101001100

vector #19: 11111111111110100110110000100010001110010101110101
	0001000000101111111000

vector #20: 01101100100000001001101100000010100010000001111011
	0110001111101101111100

vector #21: 00011011011110010110000011100010011110010111111100
	0000110110000000000111

vector #22: 10001110111111001011111000110001001101010100010111
	0000000101110001101011

vector #23: 10001100000001110100011110011110110001111111001111
	1111000100001100011100

vector #24: 10011111100011110001100011100001000101010011000001
	0101010001001010111010

vector #25: 11110001101100101100000110010001011001110000010010
	0010101000000111011111

vector #26: 01001111111111101110011011101001010101010111101011
	0000101110101001011101

vector #27: 11001010011001100010101010011100000101000111001001
	0101101100011100111111

vector #28: 00110001110111010000111001011101111101010111010010
	0101100000101101111111

vector #29: 10100101110111100111010100000001000110001000110101
	0110100001010110011111

vector #30: 00000000010101100000100101010001011010101111000000
	0101000001000111001111

vector #31: 01000110000011101100110010011011000011111110011001
	0100000100000100101111

vector #32: 01101011101011010111000011101111000101011100100101
	0001110001101111111011

vector #33: 00100011000000001111001000101111111011101001001010
	0100100001000000001100

vector #34: 10000101110100000111101100010101100010110000000011
	0101100000010000000111

vector #35: 11010010110101001111011011001010111110011000100101
	0101001101100110101100

vector #36: 00011001011110110010110011010010111011110110101100
	0000010110000000000111

vector #37: 10110010011100010011110010001111100111111001000001
	0011100000100001101100

vector #38: 00100001100011010111000010111111101000110111000011
	0100100001001001001110

vector #39: 10110001011100110111110000010000001001000110100001
	0010100000100110001100

vector #40: 11101100010110100100001111011000110011010001011111
	0110001100000000011100

vector #41: 11010100010011000110011101010110011101100001101110
	0100000101001110111111

vector #42: 00111101111011100110110101001101100010001100010101
	0001100001000000001100

vector #43: 11011101110100100110101010111010111001111011000011
	0101101001101000011101

vector #44: 11101000010110000100010100000111010110010001010100
	0111000000101100001100

vector #45: 10110110011110011011110010111110101110110111110011
	0011000000101100101011

vector #46: 01101000101000000101100011110110000100110011011001
	0110110110000000000101

vector #47: 01001101100000001000110000111101101001111111111010
	0101100001000000011111

vector #48: 00100111000011100101011110001101110101001010000010
	0100100100001100001111

vector #49: 11000110101010111001011111101001101110110010001100
	0000101100001011011011

vector #50: 01100110110100011101001100001000110001010010010000
	0101100110111100101111

vector #51: 11000100101100000110001101001100011001111001001111
	0000000101101011101111

vector #52: 10101100011001111100000011110001010000001111000101
	0111010000100010111011

vector #53: 00101010110111011111100000101111100011001100001110
	0100100100000001001000

vector #54: 01001000111011111000011011100000110110101110001100
	0001001100000010101011

vector #55: 10101110110010111010111011011010001110110011001100
	0111101100110010111111

vector #56: 11111101011100111111011111100101100011010100111101
	0011101101000001011000

vector #57: 00011100100011001111011000111001010000000000100111
	0101000000000000011000

vector #58: 01011000010011111001000001000111000100100011100000
	0101000000101000001111

vector #59: 10110110011101110010010101011010100101000111110111
	0010001100000100111100

vector #60: 11111101011000000010011000100001111001111111111100
	0111000001101111011000

vector #61: 10110011011011101011100011101100001001000111001001
	0011110110010000000101

vector #62: 11111101110000011001010101001010001111011111110011
	0111001010100010011100

vector #63: 11001011001101011101010100010100100001111001000100
	0001000101111010111111

vector #64: 00010010110111111000110100001010011010111101000101
	0101101000010010011111

vector #65: 11010100110011101100001011010001111001010100010101
	0101101101000000001100

vector #66: 00111011110011101110011011000010100001110111101010
	0101110110000000000111

vector #67: 00010100111010010001011100000101100001010101101111
	0000100001000010011100

vector #68: 11000100100111001010111101010111011001110111011010
	0100101101000011101111

vector #69: 00110000111001001010011110000110101100101001101111
	0100100000001001011100

vector #70: 11010110011110100001010011100010101110111000000001
	0000010001101111111001

vector #71: 00000111001100111110000101101111101111111011100011
	0000110001101111111001

vector #72: 10111100101110111000011100100111101011001111100010
	0011101000011001011100

vector #73: 11100101100001011101100111110011101111101101100011
	0111001001000010011000

vector #74: 00101001101011000111101100100010001001111010110001
	0001000110101100001110

vector #75: 11100101011110000011001101101110111101100000000000
	0011001000001010011010

vector #76: 10010101110111001000100101111111010000101110111011
	0101101101111110011011

vector #77: 00101010110000100001010111001111010111000000010010
	0101010001101111111111

vector #78: 11110110100100001111101101011010110001011001001011
	0100001100000101101100

vector #79: 10111100000001101110010101101110101110100100011000
	1111001101000000001100

vector #80: 00101011000111100001000011101101001101001010001001
	0101010110000000000101

vector #81: 01001111100110110100111001011101000111000101110110
	0101001111000010111111

vector #82: 00011001110110010100001001100010111011101010011011
	0100001000001111011000

vector #83: 11001010001100000111101100010111010111011110110111
	0001001101011000111111

vector #84: 00001000001100001111010111110001001011011101101111
	1000101110000001001000

vector #85: 01011100010000110000110111100011110000001011100100
	0101001001111111111011

vector #86: 01000111101110011111110001010010110100000111010101
	0001100000001111111111

vector #87: 00000111001101110111110000001010000110010100011110
	0000000000001111101100

vector #88: 00101111101100111011110111110010010101000010001100
	0000001110000100001000

vector #89: 01100111011110001110110000011001111101100000000011
	0000100001000000011111

vector #90: 00100100010001011000110111111101111001010110011100
	0100110110000000000111

vector #91: 11100011100110100110011010101101011010000001011000
	0100001001100011011010

vector #92: 11101000000110001001001010100001110010010001111011
	1111100101000000001110

vector #93: 11100001011000100011011010100001010000101110100011
	0111001000101110001011

vector #94: 11101011011011011011010111011110001100001010111111
	0001101101111011101111

vector #95: 01001111010110101100000101000110010100001000011011
	0101001001001001111100

vector #96: 01100010001101011011000000010110000000000110011110
	0001100001101010011100

vector #97: 10010110001101011011110011010111100010010010111110
	0000110101000101101111

vector #98: 00111101000100100000000110001111000110011011001010
	0100100001100111111100

vector #99: 11010110001101100110001111000101010000000110111100
	0000101100101001001100

vector #100: 00010100101011101101000111001001100110101000110010
	0001101001101101001100

vector #101: 11110011001010011110100011111000110011111010111000
	0000110100001011101011

vector #102: 11111011101111011100010111000001010111010001110000
	0001001001001111111100

vector #103: 01100001001011011111011100000000111011111010011110
	0001101001010011011111

vector #104: 01100100111110000111000000101001001010111000011100
	0000000000001010101000

vector #105: 01101100111011001100010101010010101001111010110011
	0000000000100111111111

vector #106: 11010000101110101110100001011100000110101010110001
	0000100000101001111100

vector #107: 01000010101111010110100101001001001000001110011100
	0001101111111001011100

vector #108: 10111111001001011001010011100001010111010110111011
	0101110101000110101001

vector #109: 00000111111001110000100001101111100111011011100011
	0101110001101111111001

vector #110: 00101010011100101100010101111000110010011011000010
	0000100011100000001111

vector #111: 01100110010011011110100000000000110000011010011111
	0101100001000111011100

vector #112: 10110100100110010110000100100011001001011110110101
	0110001000110100001011

vector #113: 10010001001111001011110011010011111111001110011110
	0000010101001111001100

vector #114: 01111101010101010000011101110010111100001001101101
	0100101111110011001011

vector #115: 10100111011101010010101100110001010001101101000010
	0011101010111001111010

vector #116: 00011000100011111011000010110010000100100001111010
	0101000000101111111000

vector #117: 10010111011001000000000011001101100010101101001101
	0101010101110011101100

vector #118: 11111101111000010010001001010011100110010110011010
	0110101100100010011100

vector #119: 01111111010111010101000100101001011100111100000100
	0101100010100010001011

vector #120: 00000011001111001100001001100100101110010001110000
	0000101110011110011001

vector #121: 00010111110000011110110101000010010101000100101000
	0100110110000000000111

vector #122: 01100001001100101111100101000000101101001001010101
	0000001100110011001100

vector #123: 00111001001010000010100110011010001001100111111100
	0001000100000101001111

vector #124: 01000110100001011110111001010010111100110111000111
	0110000001000000111100

vector #125: 00011001111010101000111100101001001111000110100001
	0001000000010010111010

vector #126: 00001000010010100010000101000010010110100101011010
	0101100100000101011100

vector #127: 00001001100000010111111001111101100010000000001001
	0101100000001010011000

