vector #0: 110111111001110110111001000110111000
	0100000

vector #1: 111111010011110110111111010101001001
	0111111

vector #2: 100110010111101101011111010110110101
	0101100

vector #3: 101100010011101100010101000010110001
	0111011

vector #4: 111101010011001111011010101111111111
	0111111

vector #5: 101110110111001101101001001101011010
	0101001

vector #6: 111111010011010000010011011111110011
	0111111

vector #7: 101110110110101110011101100111110000
	0101011

vector #8: 100101101001010110110101011100110001
	0111011

vector #9: 111000011001110100011011110101010000
	0111010

vector #10: 001100010011000100111001111110110011
	0100000

vector #11: 011101110010000000001101010001100010
	1111011

vector #12: 111101111111011101110101000100100110
	1110000

vector #13: 100100011101100101010001111001011001
	1101101

vector #14: 111100110011011111011100011100010010
	1101100

vector #15: 100110010001010111100101010101010011
	1111011

vector #16: 101111111001100011011101001100011000
	1101100

vector #17: 100111111000110111011111010111011101
	1101100

vector #18: 111111000111111100111011000111010100
	1100000

vector #19: 111011111011011100010101010100010000
	1100000

vector #20: 010101010101101111110001100101011101
	1110101

vector #21: 001000101000000000000010000010111001
	0100000

vector #22: 001010001100000000111010101011010001
	1111110

