vector #0: 010001000100111011101111100110110100
	1110111

vector #1: 100110000101001110100111001001011000
	1111110

vector #2: 100100000101111101001101000111101111
	1111011

vector #3: 010000011101000000101000110011010010
	1110001

vector #4: 011111011011110010001000101101100011
	1000000

vector #5: 101000011010010111001110000100010100
	1101101

vector #6: 000101001010111110111101111101001001
	1001101

vector #7: 101000100011000111110000101001101001
	1001001

vector #8: 011010100010101101110010100001010110
	1111001

vector #9: 010011000110100111100010111101100111
	1111111

vector #10: 111110100111100101110110001000111000
	1001110

vector #11: 010011000010100111111011000000000111
	1111111

vector #12: 011010100110001111111110000011110001
	1011110

vector #13: 011000001010101001001100011111010010
	1111011

vector #14: 000100110110000110111000011011111111
	1001010

vector #15: 100011011100110100101100010111001001
	1111101

vector #16: 110101110100000111010001100000111001
	0110110

vector #17: 101111011010111011101101001101111001
	1111011

vector #18: 100111100101001010110010001101010101
	1111110

vector #19: 001110010011011010010110011000110101
	1011010

vector #20: 100100001100100111100101100110000011
	1101110

vector #21: 011110000000110100010001001110010111
	1111101

vector #22: 111011001011001101010001000011110111
	1101111

vector #23: 011111111001110110010100011100011000
	1011010

vector #24: 111010111000011101101011000101110010
	1011101

vector #25: 001101110100011110110100011110101011
	1001101

vector #26: 110000001100011001110000110011100000
	1111110

vector #27: 011001000010101001010011110010011110
	1111111

vector #28: 000001111010011011010011010010010000
	1111100

vector #29: 011111110100001000101100100110111100
	1101011

vector #30: 000010010110100111111100101010110111
	0101011

vector #31: 100111111100011010000011000011101111
	1001101

vector #32: 000110101100101100000001111100000011
	1101110

vector #33: 011101010100101101011101100101000000
	1010000

vector #34: 101111001111011101110100001101101110
	1011110

vector #35: 010001110000011001011100010101111111
	1110010

vector #36: 000011010111010010011010101000000011
	1111111

vector #37: 110011111110111010011111111000110011
	1001111

vector #38: 100010001011010111001001000000110000
	0101101

vector #39: 000101011000010111011001010110111111
	1101101

vector #40: 110001000011110010100011001110101101
	1111111

vector #41: 001010101011001000010101110010011100
	0111000

vector #42: 010111000100101110101110110000001101
	1111010

vector #43: 001001110011000011000010011001111011
	1111100

vector #44: 101110110111001000010110001001111010
	1001001

vector #45: 000011111110111110010110011010000001
	1001111

vector #46: 000111101000001011000001001110010101
	1111100

vector #47: 001101111111001001101110101110010110
	1001100

vector #48: 101011111011111101111100101110101110
	1011000

vector #49: 000111000110011101111101111000101110
	1011110

vector #50: 010110111111000010111010100010001010
	1100000

vector #51: 000111001001010011000001001010011010
	1111100

vector #52: 110100001001101110110011101000001111
	1001000

vector #53: 110110001100111011101001011000111100
	1101110

vector #54: 001101110011110010001101011111010100
	1111011

vector #55: 011011110111011111111000101111110111
	1011111

vector #56: 010000101100011110100000111101100100
	1110110

vector #57: 101111110111101111101101010000000111
	1111011

vector #58: 001010100101010100101101111000111010
	1111110

vector #59: 011101000001011100111011110010001111
	1010000

vector #60: 011101000100110011000000010101010000
	1111100

vector #61: 101011010011010000001000101001001100
	1111111

vector #62: 001011010010001001001100000100100111
	1111111

vector #63: 010010110010110000001011011100001100
	1111101

vector #64: 110111101011010101000010000011000010
	1111001

vector #65: 000101011001011011111110000101101110
	1011000

vector #66: 101001100011101010000011101111101001
	1011111

vector #67: 110001111000100111001011101000101101
	1101000

vector #68: 011101011000011110001001011111111011
	1010000

vector #69: 110010111010010110110011000101010010
	1101101

vector #70: 001000010101111100000110011110111011
	1011011

vector #71: 100111000100100111100011101000110001
	1101110

vector #72: 110100000010010011001101101001110101
	1101101

vector #73: 101010011011111000100000011011100001
	1011001

vector #74: 100001111111111111111000110101011010
	1111010

vector #75: 011101010001111011000100001111110100
	1111100

vector #76: 001001100001111001000011110100100001
	1111100

vector #77: 111101010110100100011001011011100010
	1011001

vector #78: 010001111101100000101010100011010011
	1110001

vector #79: 000101111100010101010011000001100000
	1111101

vector #80: 111001001101000000100110101101110000
	1111110

vector #81: 001111001001000011101010101111110001
	1001100

vector #82: 101000010011100001010001100100100000
	1111100

vector #83: 001001011000101100000010000011111000
	1101111

vector #84: 101101110010010000100111001001001111
	1111101

vector #85: 100101111011001000000101001100010000
	1111011

vector #86: 011111011101000010111001000000101011
	1000000

vector #87: 110110010011110010100101111001110001
	1101011

vector #88: 010110001100110001110000110010101011
	1111101

vector #89: 011100101000111111011010000001101011
	1010000

vector #90: 011011000110111010000101011111100001
	1111111

vector #91: 001010000101111001100000110110010101
	1101110

vector #92: 000000111111000110101100100100000000
	1101011

vector #93: 110001010001011101110100100010001000
	1111111

vector #94: 001001100010011001001000000111111010
	1101100

vector #95: 100100101001101101100001110001011111
	1101001

vector #96: 100010101111010010101101011100110111
	1111011

vector #97: 100011000001001110101011000011011011
	1111111

vector #98: 111011111111101000101100001101000100
	1111011

vector #99: 111000110010100011011010110110101100
	1111000

vector #100: 101001011111000101111100100110100001
	1101111

vector #101: 110100000010011101101110101001100110
	1011101

vector #102: 110110111001011100000101011100101010
	1111011

vector #103: 010110010010010100001110110011010000
	1111101

vector #104: 101100111001000011000001100010001111
	1111100

vector #105: 000100110111011111000101101000000011
	1101011

vector #106: 100111100011011000100000000010100110
	1011000

vector #107: 000011110111101101000001001110101100
	1111000

vector #108: 001010100010010000100010000110110001
	1111101

vector #109: 011001000000111110111110000010011101
	1111111

vector #110: 001111100011111000000011011001111100
	1001001

vector #111: 010100011111110001100000101111111001
	1110000

vector #112: 010101000000111101011100100000101110
	1110000

vector #113: 010000111011111101111111001110110100
	1110000

vector #114: 111110001110111001001101010010001110
	1111011

vector #115: 001110101110010100000101101101101010
	1111101

vector #116: 111000001111100110001011111010001111
	1001110

vector #117: 111001001010000100011110011110101010
	1101111

vector #118: 110011011111110011011100110101110101
	1111010

vector #119: 001010101000111000001111001111011111
	1011101

vector #120: 111110101111111000010101001100011000
	1001110

vector #121: 001110001000001111011111011111011100
	0111000

vector #122: 110011011101010001101000000110001000
	1101111

vector #123: 110100011010000110110101001110001011
	0110011

vector #124: 010001000011100100101010010110101101
	1110111

vector #125: 101100011011001100110001011111101010
	0001010

vector #126: 111010110011000000000101111010001000
	1101011

vector #127: 011110001001000000111010001101101110
	1011000

