vector #0: 10001111110010010010011110010111
	00100101110110000101010011100010

vector #1: 01110101011010110010100100011101
	00011001001101001001001101011010

vector #2: 00101101011111001101000000100010
	00111101100000010101010100001000

vector #3: 00110100000010000010110100100100
	00001111011100011000101001000000

vector #4: 11110101101001101000010011010010
	11110001000001101110101110111000

vector #5: 00101111101010011111011111011111
	00110011010111000100100111001010

vector #6: 11000110010110001011100010011100
	11101100000100001100011110100000

vector #7: 00110010111110110101110110011010
	00011100100101011100001001110001

vector #8: 10111010101001100001100000111110
	00011101001100010100010010001100

vector #9: 10100011000111111110111100111011
	11001000010010101001110101101011

vector #10: 10110010111001000100011000111000
	01011110111011101101101000100000

vector #11: 00100011100010001001010001110010
	00100110000010010011011010100000

vector #12: 00101000000000011001101100000100
	00101111000010001111011000001000

vector #13: 01111110100100010001111101101111
	00001000011000100010010100100010

vector #14: 10001100101001101000111100010101
	10000100110101101110001101000001

vector #15: 10100001011101111100010100001110
	11110101011100000100111100010101

vector #16: 10010011100111001011010011000101
	10101010110001001010101100100100

vector #17: 10100011010000011111011101100101
	11010111110010111010001010101001

vector #18: 11111001101010101010001011110100
	11011011001000101111001111110000

vector #19: 00110000000101110010010101000100
	00001101111111000110011011111000

vector #20: 10110010010011110110010010011100
	01110110001110001110100001101100

vector #21: 11011111111011110010110000011000
	00111111011001111000111011101000

vector #22: 10111100000111011011111111111111
	10010010111010110101110000011110

vector #23: 11000010010110000110011000101010
	01001101010011100001010100010000

vector #24: 11111000101000111010100011001111
	11010001000110010011010011011110

vector #25: 00010011010111001101101011110000
	00011000101110010110000111000000

vector #26: 00101111010100101011001010110110
	00100110111101100000000000000100

vector #27: 10001001100010000110110011100000
	01101001110101010111111000000000

vector #28: 01001010100000001000110001011110
	01001101001010101000010100000000

vector #29: 01010111101101101000111101000100
	01010010101100010000000011110000

vector #30: 10111101110100100001110111110101
	00011011010001010011111111001100

vector #31: 11010001101000000011001110010011
	00100011101100010111101000100000

vector #32: 01000001111111000110101011010100
	00110101110101000000001101010000

vector #33: 01001000110110111011101011110111
	01010001110001101010101100110011

vector #34: 00100100101000100011001100100010
	00001101000101010010100101001000

vector #35: 01010111101000000100110101001100
	00101101000010111101010010000000

vector #36: 01110001001001010010011001001001
	00011110110000101001100001111001

vector #37: 11011111101101000000100010000000
	00001101010110110000110000000000

vector #38: 10101010100110110010010110000001
	00101110111100001111000001110101

vector #39: 01100001000111111011011111111101
	01110000011100000100101001011110

vector #40: 11111001001110110000010101111110
	00000110101001000000010010110101

vector #41: 10100101110011110000101010100001
	00001001001110110000011101111101

vector #42: 11110101010101101101101000101110
	10101100000111001011111000001100

vector #43: 11110011110101000011000101110111
	00101100111001100100101100010100

vector #44: 01101010101111100010011101010000
	00011001001111110010101010100000

vector #45: 11001000010111110110011100000001
	01001000101101000101011110111101

vector #46: 00110100000111010001110110110100
	00000101110110000010011100000100

vector #47: 11000001000101101110011010101000
	10101101110100110011110100010000

vector #48: 10000110110101010110100000010101
	01101010010001100110000100001101

vector #49: 10101001000010010101001000001000
	01001000110110001100110010010000

vector #50: 01000110110100000010100100010001
	00010101001001010100100001100000

vector #51: 10111011100100101000111111101111
	10110000001000111001000111100001

vector #52: 10010001001000111110011000001111
	11111000110000011111000100011110

vector #53: 11011001010001010111001111100011
	01011101101010101001011101111101

vector #54: 11011001000010101010001110010101
	11100010010110100010111010101100

vector #55: 10000100100101111010001101001000
	10100110000111011110100010001000

vector #56: 00001011010011001101000010100100
	00001111011111000101101011100000

vector #57: 11011100100010000110110011110110
	01001110111011000011111011100000

vector #58: 01101100100010011110011110011110
	01011101101100011010010010100001

vector #59: 00011010010100011101110010101100
	00010010010110000010001100111000

vector #60: 10110111000001000011101001000101
	00110100111100111000011100101000

vector #61: 11000011011001011000000011010001
	11000011111000010011000101011001

vector #62: 01101011011000100000010101001011
	00000011100010111110001001011100

vector #63: 11001111010111111111010000001010
	10111001010000000101100101110001

vector #64: 11101001100011111001010010000011
	11110100000100011001001001101110

vector #65: 10000000000100010100001111011111
	01000011110100000000001110100010

vector #66: 11111111000001100110001111010101
	01011100010110101010100010000001

vector #67: 01111001011000101001010111010011
	01110010000101111011010000011100

vector #68: 00010101011010000000100010001111
	00000001010010011010101010101000

vector #69: 11010000100000010010110000011100
	00111100011110010010101000111000

vector #70: 10010001001111010111101100001000
	01110011011100000011011000110000

vector #71: 00001011000110110001000100110100
	00000001011101110110110110100100

vector #72: 00010100110011011000001000001001
	00010100101111111100111100100101

vector #73: 00001100001111111110000000110110
	00001010101001001101011001010101

vector #74: 01010100110101010110101100011111
	00111000101000111111101001100110

vector #75: 10111100001011110101110111000001
	01001010110101010011010110111101

vector #76: 01110110110001110101011101001001
	00110001011110010010000101000010

vector #77: 11010011111100010100010010000001
	01101111110001100001000100010001

vector #78: 10010101011001100000100001101111
	00001001000010110011010101000101

vector #79: 11000110001000000110110001000010
	01000111010011100100010010000000

vector #80: 11000101011000001100110101111010
	10011111101111100010111001000000

vector #81: 01000110010011100101011100011111
	00101001101111101110110011110101

vector #82: 00101111010101110101010000111101
	00010000001111011000110100110110

vector #83: 11100010011000110000101100011000
	00001101100000111110110011001000

vector #84: 01000010100010110111101111000010
	00111100101111011001111011101100

vector #85: 11011111001100001110001101101000
	10111000100101011110010010000000

vector #86: 00010100111111100100111101111101
	00001011110001111110101101111001

vector #87: 00101101110000101110100111111101
	00110100110111001101010101001100

vector #88: 11101110000001011110011110001110
	10000110010010101010011011100001

vector #89: 00111011001011101101000101100000
	00101110110110010011111101000000

vector #90: 01010100111110101010011001001110
	01001001111111000110000101010100

vector #91: 01100010101000000100111101000101
	00110100000100101101101011000000

vector #92: 01101001011100101110000110101111
	01011000111111110111101011010001

vector #93: 00101011100101000101100001010100
	00010001111000001000011101100000

vector #94: 00010101011001010101101010111011
	00001000111110011001100000001010

vector #95: 00001111000010111101101000110110
	00001010101000011111011000011001

vector #96: 11000000001000100011000001110011
	00100100010110011011110101101100

vector #97: 00000010000000000100100011100010
	00000001001000111000100000000000

vector #98: 01001111110010010011011010011111
	00011000001100110010010000001010

vector #99: 11001100000001101100010100011100
	10011110000101100001001010101000

vector #100: 10101100110101010011110111010111
	00110111100001101110010110111010

vector #101: 10111010110100010001101111000110
	00011110101100010101101001101100

vector #102: 01111000101101001011100000001001
	01100110001111111010011010011000

vector #103: 11101100110100101010110111101000
	11000111011110001110111101100000

vector #104: 11010011110101111010111001111110
	11100011101101011001111000101101

vector #105: 01101110010001110001010001010100
	00001110011111010101001010100100

vector #106: 11000111011001101101100110111110
	10001110010001001101111001001100

vector #107: 01110000110101001010011110011110
	01100001100001000000000100101000

vector #108: 00100101001111101001000100001001
	00100011110011110111101001100001

vector #109: 01110100111000111101100001011001
	01011011101101010110011111101101

vector #110: 11010111010111000110100010100011
	01001100111001111101101010110100

vector #111: 10001111010001010011011111111000
	00110100101001101000101000101000

vector #112: 00011010110000100000111000111101
	00000001011010000100100110001100

vector #113: 10100000100011011000010001010001
	10100101110000011100000111111001

vector #114: 01111011011101110110010000100011
	00101111001101101010000011101110

vector #115: 10010101010001100001111111101010
	00011101010000001110011110000100

vector #116: 01110100000101101010111000010110
	01100000101100100100000101010100

vector #117: 01100101000011001000111111011101
	01100010011100001110110111000100

vector #118: 01011001101011111110101001011001
	01101010110110000100100000101010

vector #119: 10001010000001111000110110000010
	10000000100101011111000110011100

vector #120: 10000001001000010011110000001000
	00111100011110001110011000010000

vector #121: 01001011000000110001010010000100
	00001011010011001001111100011000

vector #122: 00110001101101001101001100011011
	00100000011111000100100101100100

vector #123: 10011000101110001001010010101110
	10000000011010001000101010110000

vector #124: 11100001000100110100101010101001
	01111100011100110110111100101101

vector #125: 01101011010000101110101000000010
	01011101011011000011001100001000

vector #126: 00010110110111110010000101111011
	00000101100010111010000101011011

vector #127: 00111010101111001100001010110100
	00101000110111001001101101010000

