vector #0: 101101010010011010110100100100010101110110001100111111101111
	00000111101000111111101101

vector #1: 101011100100100010001100010110100001110010000011011111011010
	01000111101000101101101100

vector #2: 000001010011010011110011011110100100001101000000111000101011
	00010111111000000111101110

vector #3: 001011000010111101111111111110000101011010100010111001110001
	00010111111000100111101111

vector #4: 001010001100010011010110010010001100100001000000001010101101
	00000111111000111100100110

vector #5: 101001110100000110110011001010110010100100100111100100110010
	11100111111000010101100001

vector #6: 001100111111101001111010001000010100011110001101000001001100
	00010111011000001100001011

vector #7: 111101100011110010110110110001010100011100010011100110001010
	01001110111000101100101101

vector #8: 111110011101110111001101101000000011010101100111100010100100
	00001011101100110001010010

vector #9: 110110011100010011101100100111000001000010010011111101101010
	00010111101100101111101111

vector #10: 111101001001000000101011001101010100001101010110110011110110
	00001111111000010111111111

vector #11: 010000101011100110001000010001000010100001111010010110110110
	00000100101000001111101011

vector #12: 001000010010011110011001110110110000000011010001000010100111
	00000101101000011100000000

vector #13: 100110011000101001110011001010110001001101101000011010100001
	00010111111100010111100111

vector #14: 000001001100010100101001011011011011110100101101111001100011
	00000111101000010111101111

vector #15: 010110111100110000010110110111110110101111100100001000011001
	00000111111000111111110110

vector #16: 010011001110000001001101000101000111010011010100000100100110
	00000111101000110110010000

vector #17: 001110011010000010010000010010010101110110110111110010010111
	00000111101000010001111101

vector #18: 100111010001011010100101011000110100001001010111110100101001
	00000111101000011111101111

vector #19: 010110110001100111100101111110011100110010100101011101010101
	00010111101000001111111111

vector #20: 111101111110101111000010111000101011000100110010110111110110
	11101100001000010111101001

vector #21: 100011110100111000010011100111100001110110101101101100110100
	00100111111000000111100101

vector #22: 100101010011000110111001011011001111011010010000011111111000
	10000101101000000111101111

vector #23: 100111010101100000000101011111101111000010110110011001100001
	00000111101000001111101111

vector #24: 111111011000111110011111000010101010110000111000101010011010
	10001011111100100111111001

vector #25: 000110001011000101011101000100100111110111011111011101001111
	00000111101000111111111111

vector #26: 101100110101011100001111000111000110001010111001011100110101
	00000111111000101111101110

vector #27: 011001001001000101010100111000111111000100000111010000010010
	00000111101000100010001001

vector #28: 011101001011101110011011110110111101011110000101100011101110
	00000101111000001101111111

vector #29: 100010111001101111100101111010000010101010100110000001110011
	00010111101100010101000000

vector #30: 010101111010010100100110001110010000111100101011000001101010
	10100111001000001100100000

vector #31: 100100100010000000100110001000010001111110100101111010010111
	00000111101000000011100101

vector #32: 000001110000010110001100010001101010101110111100101101100101
	11100111101000100111101111

vector #33: 101000011000001110010100010111001101010110110000001111100011
	00000111101000111100011111

vector #34: 111000101110101011010101001000011110100010000101101111011001
	00000110101000101101010110

vector #35: 000011011010001111000111101001001000001111011100011000010100
	10000101101000011111101111

vector #36: 001101100101000111110000100110010100011001101010111111101100
	01010111101000000111101111

vector #37: 101111011101010111100010010100000111111001100110100110111001
	10010011101100001111111111

vector #38: 001101010111001101111100101000000110001110001111000010010010
	10010111101000101110000000

vector #39: 011010110000100001101100111011010111001011000000110001110011
	00010111101000100111111101

vector #40: 100011110001001011000010101101001000010000100001100101101011
	01100111101000011100100001

vector #41: 101001101101111111101111001111001011100010100011100011010101
	01010111111000101000000000

vector #42: 011110100111101111101111010001110101111000101110000111000101
	00010100111000111111101101

vector #43: 000010100000100010010000010000100101010010000101100111110110
	00000111101000000101001100

vector #44: 010000001000011101010101000011010001001100101011000010110110
	00000111101000101101000000

vector #45: 011111011101110001101100011000001010111111001011001101000100
	00010111101000111111101110

vector #46: 010110001110101000100000100111110111111101111011000100110001
	00000111101000001001010100

vector #47: 111110001111011110101111101101011100100000001100110001010100
	00001001111101110111111111

vector #48: 000100111001001111100010111101000000011111011000101000011011
	00010111101000011110001110

vector #49: 111111111110010010010110110011110101000111011010001110110111
	01101110010100100111111111

vector #50: 010001101000101001101010111101010110010110100010101000111000
	00010111111000001011111011

vector #51: 111100101010001100100000110000011111001100010101111101111111
	00001111101000001101101111

vector #52: 000111110010111101011101110011111101110101110100011101011010
	10100111001000101111101111

vector #53: 001101011101010100111100011111111011010100010000011000011100
	10000111101000100111101000

vector #54: 000001100011010010101000001111001000110110001001011001001100
	01000110101000011111100100

vector #55: 000000010001011010101001100010010110111101100000010010100101
	00000111101000001000100111

vector #56: 110100111011000000010011000000111011001110110110101100111111
	00000111011000001111111001

vector #57: 110111010101110101001110001110011000001000111110010001000111
	10000111111000110011100100

vector #58: 110100101101110001000001001011110000010100011101000110011110
	00000111101000001111101100

vector #59: 001101111001011001101110011110111101000101100000100010111000
	00110111111000110001100011

vector #60: 100010110010101101111111100111101100011010100010101101011000
	00010111011000110000101101

vector #61: 100010010001010111100110011100010001101101010001011001000100
	00010111101000000011101010

vector #62: 100100110001110110011110010110100101110011100111111000010101
	00000111111000101011111100

vector #63: 111011100101011000011100101111010011100010100100100110110000
	00000111101010101001000101

vector #64: 111110100101101110000010001001010111100110100001000101100000
	00001011101000010100010101

vector #65: 110001101110000010010000110111010010100000000001101101001010
	01000110101000001100000000

vector #66: 111110001001001111000110110000011011011110000111111111100000
	00001011101100000111101111

vector #67: 000101010001011000010101001101101110001001000101000001101011
	00000111101000101110100001

vector #68: 111000010110110111011111000101010111100011001100001110110100
	00000101111000101111010110

vector #69: 001110010010110000001100110100101010111110110010001111010000
	00000111101000110111101101

vector #70: 000100011111000001011101000000010101100001100100101000100111
	00000111101000101110100110

vector #71: 010000111001111111001101100011110101110010110001101101011011
	00000111101000100101111111

vector #72: 100010110111010011111001101110001000111111010111000100111000
	00010110001000000101101110

vector #73: 000111000111010001001001111011010011111000111010110100011110
	00000111101000010111101011

vector #74: 110111010110101001000110111110101111010001111010100011000011
	00000111101000010000011101

vector #75: 011000111111000110100101011111010010001011111010001001100011
	00000100001000011110110000

vector #76: 101100001100000001001101110111111001000100000000110000011011
	00000111101000110101101111

vector #77: 100100001001101100011011111010110100000110000110111001010110
	00000111111000011111101111

vector #78: 111101101110010010101011110000011101010101001010000001100000
	01001110111000010000011111

vector #79: 001111010001001110110111111111011100101111010001010100011110
	10000111111000111111101111

vector #80: 011101111010111111000111110001000111000101011110110101010110
	11100100001000000111111111

vector #81: 010101001001001110101000101011000111011011111001001001010111
	00000111101000000111111111

vector #82: 001110011111110011101101000010000111010100011100010100010010
	00010111101000101000100011

vector #83: 010011110000010100101010011110100101000000001011001000011101
	10100111111000011000001100

vector #84: 111101001001101010011111010100001111101001010101000110011110
	00001111111000100111011111

vector #85: 110111001000101101001111110001001010010110111101011000111110
	00000111111100110111111111

vector #86: 100001000000011101010110101111101101000000011100111100000111
	00000111111000110111101101

vector #87: 000110111111100011000100100111101110101011001010111111001000
	00000110001000001111111111

vector #88: 010100010100000101001110010100101011011011011111011101100010
	00000111111000101111101111

vector #89: 000000101010110001010100000101101000000101001001100101101111
	00000111101000100110100010

vector #90: 011110110000100001011001110001100101110111111010111000011000
	00000111101000011100011111

vector #91: 110000110001100000011011011111110011000001011001000001101000
	00000111111000001000100000

vector #92: 111010101101001111011010010110110111101010000111001100101011
	00000111111100011101111011

vector #93: 010001011100100010110000101000101111011101001000011001111011
	00000111101000000111111111

vector #94: 010001110000100010010100111010011010111111110011000010001110
	01100111101000101100100000

vector #95: 010111100010001000110110000111010011101010011111100010010011
	00000111111000100111100000

vector #96: 011010000101000111011111110111010101100010111000111100011001
	00000111111000110111111111

vector #97: 000000010010011110001111010100000100100001010101100001101111
	00000101111000111100100000

vector #98: 101011000000001000010000110010100001011010010000000000111100
	00000111101000000001100000

vector #99: 111101000000001001101111101011110000110010011111100011001110
	00011111111000110000000000

vector #100: 001000111110011110001000101010110000011101100011101000000100
	00000100001000010101000011

vector #101: 111101100101011001011111111010001101110100001011110001101100
	00001111111010100010101111

vector #102: 100010000000001100111111111001011011111111110010000111100000
	00000111111000110000101111

vector #103: 001111000010101110010010100001001000100101100111110011011010
	00000101111000010100100001

vector #104: 110110101001111101000100001000001011101001101111001011011110
	00000111101100000111101100

vector #105: 110101011110100011111100000001011001100001011011000110001001
	00010111101000110110101010

vector #106: 100001111111000001100101001101011001110110010110001001001111
	00110111001000001101101100

vector #107: 110010010001000010100000100001110110011001101111101001010110
	00000111101000000000011100

vector #108: 001110110010100001111011000011011101110110100010100111011110
	00010111011000011001101101

vector #109: 010000110111100001001010011100011011001010010011111000101010
	00000111011000010111101101

vector #110: 111010000101100101011101111110100011011000110001110000101011
	00000111101000110111101111

vector #111: 101100001001010011110010010011101011101001001000101101000001
	00010111111000011010000010

vector #112: 010101111011011100110110010011110110101001000110110101100001
	10100111011000111111111111

vector #113: 111110000100001100111111001001011110110100111001110011010100
	00001011111000110110001111

vector #114: 100011000010001111001100001001111110010011010011111001010010
	00000101101000111110101111

vector #115: 101110111010101100010100101101101011000100100010101111100110
	00000011001100101100100001

vector #116: 000101000110100110100011000011010110011000111100110101101101
	00000101101000000111101111

vector #117: 000011101001011111101101011001101111101001101000010110011111
	01010111101000101111101111

vector #118: 000101011111101011011000101011011001110001110011010100110011
	00000111101000000111101111

vector #119: 110110001100011001100110101101000010110001010010110101001110
	00010111101100000111111111

vector #120: 000101110101000101110011111100110101010000111101111110011101
	10110111111000011111101111

vector #121: 010000101000001111100000001101000100100100100000110110111001
	00010111101000010111100111

vector #122: 101111111101010010001110111011111001000110111100100011010110
	01100111110100101001010010

vector #123: 011111011011000110101100101111110001011110000111111001111010
	10000101101000110111100101

vector #124: 101111110000010001110001110011010101010110111111001101010011
	00110111100000000111101111

vector #125: 010001110100111101001110011001000001110000011101011001010110
	10100111111000110111101001

vector #126: 010100011011011111010111010111111001000000101010010011111100
	00000101111000100101101010

vector #127: 101000100101101101100111101001011111100010110001111010101001
	00010111101000000110101111

