vector #0: 110
	XXXXXX
XXXXXXXXXXXXXX
vector #1: 011
	XXXXXX
000000XXXXXX00
vector #2: 001
	100001
10000001100010
vector #3: 001
	100001
01000001100001
vector #4: 010
	100001
11001001100010
vector #5: 000
	100001
00101001100010
vector #6: 000
	100001
10101001100011
vector #7: 001
	100001
01100001100010
vector #8: 001
	100010
11100000100101
vector #9: 010
	100010
00011000100110
vector #10: 000
	100010
10011000100110
vector #11: 011
	100010
00000000100111
vector #12: 001
	100001
10001001100000
vector #13: 010
	110100
01001000111011
vector #14: 010
	100001
11000001100010
vector #15: 000
	100001
00100001100010
vector #16: 001
	100001
10100001100011
vector #17: 000
	100001
01101001100000
vector #18: 011
	100001
11101001100001
vector #19: 011
	100001
00010001100010
vector #20: 000
	001100
10010110010000
vector #21: 000
	001100
00001110010001
vector #22: 000
	110100
10000100111000
vector #23: 011
	100001
01000101100001
vector #24: 010
	100001
11001101100010
vector #25: 011
	100001
00101101100010
vector #26: 010
	010100
10101100011000
vector #27: 001
	010100
01101100011000
vector #28: 011
	010100
11101100011011
vector #29: 001
	010100
00010100011000
vector #30: 011
	001100
10010110010011
vector #31: 000
	001100
00001110010000
vector #32: 000
	110100
10001100111001
vector #33: 011
	110100
01000100111000
vector #34: 011
	100001
11000101100010
vector #35: 011
	100001
00100101100000
vector #36: 001
	100001
10100101100010
vector #37: 010
	000000
01100100000001
vector #38: 001
	100010
11101100100100
